Experiment:  K = 7  
st 6.000000 sv 3.000000 scale 4.000000 timescale 8.000000 qKS 40
1     & AF3&  84 $\pm$  48 \\
Experiment:  K = 7  
st 6.000000 sv 3.000000 scale 4.000000 timescale 8.000000 qKS 41
1     & AF3&  84 $\pm$  52 \\
Experiment:  K = 7  
st 6.000000 sv 3.000000 scale 4.000000 timescale 8.000000 qKS 42
1     & AF3&  84 $\pm$  52 \\
Experiment:  K = 7  
st 6.000000 sv 3.000000 scale 4.000000 timescale 8.000000 qKS 43
1     & AF3&  84 $\pm$  52 \\
Experiment:  K = 7  
st 6.000000 sv 3.000000 scale 4.000000 timescale 8.000000 qKS 44
1     & AF3&  84 $\pm$  55 \\
Experiment:  K = 7  
st 6.000000 sv 3.000000 scale 4.000000 timescale 8.000000 qKS 45
1     & AF3&  84 $\pm$  55 \\
Experiment:  K = 7  
st 6.000000 sv 3.000000 scale 4.000000 timescale 8.000000 qKS 46
1     & AF3&  84 $\pm$  55 \\
Experiment:  K = 7  
st 6.000000 sv 3.000000 scale 4.000000 timescale 8.000000 qKS 47
1     & AF3&  84 $\pm$  52 \\
Experiment:  K = 7  
st 6.000000 sv 3.000000 scale 4.000000 timescale 8.000000 qKS 48
1     & AF3&  84 $\pm$  52 \\
Experiment:  K = 7  
st 6.000000 sv 3.000000 scale 4.000000 timescale 8.000000 qKS 49
1     & AF3&  84 $\pm$  52 \\
Experiment:  K = 7  
st 6.000000 sv 3.000000 scale 4.000000 timescale 8.000000 qKS 50
1     & AF3&  84 $\pm$  48 \\
Experiment:  K = 7  
st 6.000000 sv 3.000000 scale 4.000000 timescale 8.000000 qKS 51
1     & AF3&  84 $\pm$  48 \\
Experiment:  K = 7  
st 6.000000 sv 3.000000 scale 4.000000 timescale 8.000000 qKS 52
1     & AF3&  84 $\pm$  48 \\
Experiment:  K = 7  
st 6.000000 sv 3.000000 scale 4.000000 timescale 8.000000 qKS 53
1     & AF3&  84 $\pm$  48 \\
Experiment:  K = 7  
st 6.000000 sv 3.000000 scale 4.000000 timescale 8.000000 qKS 54
1     & AF3&  84 $\pm$  45 \\
Experiment:  K = 7  
st 6.000000 sv 3.000000 scale 4.000000 timescale 8.000000 qKS 55
1     & Fz&  84 $\pm$  48 \\
Experiment:  K = 7  
st 6.000000 sv 3.000000 scale 4.000000 timescale 8.000000 qKS 56
1     & F1&  84 $\pm$  52 \\
Experiment:  K = 7  
st 6.000000 sv 3.000000 scale 4.000000 timescale 8.000000 qKS 57
1     & F1&  84 $\pm$  55 \\
Experiment:  K = 7  
st 6.000000 sv 3.000000 scale 4.000000 timescale 8.000000 qKS 58
1     & F1&  84 $\pm$  55 \\
Experiment:  K = 7  
st 6.000000 sv 3.000000 scale 4.000000 timescale 8.000000 qKS 59
1     & F1&  84 $\pm$  55 \\
Experiment:  K = 7  
st 6.000000 sv 3.000000 scale 4.000000 timescale 8.000000 qKS 60
1     & F1&  84 $\pm$  55 \\
Experiment:  K = 7  
st 6.000000 sv 3.000000 scale 4.000000 timescale 8.000000 qKS 61
1     & F1&  84 $\pm$  55 \\
Experiment:  K = 7  
st 6.000000 sv 3.000000 scale 4.000000 timescale 8.000000 qKS 62
1     & FC1&  84 $\pm$  52 \\
Experiment:  K = 7  
st 6.000000 sv 3.000000 scale 4.000000 timescale 8.000000 qKS 63
1     & FC1&  84 $\pm$  52 \\
Experiment:  K = 7  
st 6.000000 sv 3.000000 scale 4.000000 timescale 8.000000 qKS 64
1     & C1&  84 $\pm$  55 \\
Experiment:  K = 7  
st 6.000000 sv 3.000000 scale 4.000000 timescale 8.000000 qKS 65
1     & FC1&  84 $\pm$  55 \\
Experiment:  K = 7  
st 6.000000 sv 3.000000 scale 4.000000 timescale 8.000000 qKS 66
1     & C1&  84 $\pm$  55 \\
Experiment:  K = 7  
st 6.000000 sv 3.000000 scale 4.000000 timescale 8.000000 qKS 67
1     & C1&  84 $\pm$  55 \\
Experiment:  K = 7  
st 6.000000 sv 3.000000 scale 4.000000 timescale 8.000000 qKS 68
1     & FC2&  84 $\pm$  52 \\
Experiment:  K = 7  
st 6.000000 sv 3.000000 scale 4.000000 timescale 8.000000 qKS 69
1     & C1&  84 $\pm$  55 \\
Experiment:  K = 7  
st 6.000000 sv 3.000000 scale 4.000000 timescale 8.000000 qKS 70
1     & C1&  84 $\pm$  55 \\
Experiment:  K = 7  
st 6.000000 sv 3.000000 scale 4.000000 timescale 8.000000 qKS 71
1     & FC1&  84 $\pm$  55 \\
Experiment:  K = 7  
st 6.000000 sv 3.000000 scale 4.000000 timescale 8.000000 qKS 72
1     & C1&  84 $\pm$  61 \\
Experiment:  K = 7  
st 6.000000 sv 3.000000 scale 4.000000 timescale 8.000000 qKS 73
1     & FC2&  84 $\pm$  61 \\
Experiment:  K = 7  
st 6.000000 sv 3.000000 scale 4.000000 timescale 8.000000 qKS 74
1     & FC2&  84 $\pm$  61 \\
Experiment:  K = 7  
st 6.000000 sv 3.000000 scale 4.000000 timescale 8.000000 qKS 75
1     & C1&  84 $\pm$  61 \\
Experiment:  K = 7  
st 6.000000 sv 3.000000 scale 4.000000 timescale 8.000000 qKS 76
1     & C1&  84 $\pm$  61 \\
Experiment:  K = 7  
st 6.000000 sv 3.000000 scale 4.000000 timescale 8.000000 qKS 77
1     & Cz&  84 $\pm$  65 \\
Experiment:  K = 7  
st 6.000000 sv 3.000000 scale 4.000000 timescale 8.000000 qKS 78
1     & Cz&  84 $\pm$  65 \\
Experiment:  K = 7  
st 6.000000 sv 3.000000 scale 4.000000 timescale 8.000000 qKS 79
1     & Cz&  84 $\pm$  65 \\
Experiment:  K = 7  
st 6.000000 sv 3.000000 scale 4.000000 timescale 8.000000 qKS 80
1     & Cz&  84 $\pm$  65 \\
Experiment:  K = 7  
st 6.000000 sv 3.000000 scale 4.000000 timescale 8.000000 qKS 80
1     & FC1&  84 $\pm$  65 \\
Experiment:  K = 7  
st 6.000000 sv 3.000000 scale 4.000000 timescale 8.000000 qKS 80
1     & FC1&  84 $\pm$  68 \\
Experiment:  K = 7  
st 6.000000 sv 3.000000 scale 4.000000 timescale 8.000000 qKS 80
1     & FC1&  84 $\pm$  68 \\
Experiment:  K = 7  
st 6.000000 sv 3.000000 scale 4.000000 timescale 8.000000 qKS 55
1     & C2&  84 $\pm$  13 \\
Experiment:  K = 7  
st 6.000000 sv 3.000000 scale 4.000000 timescale 8.000000 qKS 55
1     & P3&  84 $\pm$  10 \\
Experiment:  K = 7  
st 6.000000 sv 3.000000 scale 4.000000 timescale 8.000000 qKS 80
1     & C3&  84 $\pm$  19 \\
Experiment:  K = 7  
st 6.000000 sv 3.000000 scale 4.000000 timescale 8.000000 qKS 55
1     & FC1&  84 $\pm$  10 \\
Experiment:  K = 7  
st 6.000000 sv 3.000000 scale 4.000000 timescale 8.000000 qKS 55
1     & C5&  84 $\pm$   6 \\
Experiment:  K = 7  
st 6.000000 sv 3.000000 scale 4.000000 timescale 8.000000 qKS 55
1     & Cz&  84 $\pm$  16 \\
Experiment:  K = 7  
st 6.000000 sv 3.000000 scale 4.000000 timescale 8.000000 qKS 55
1     & C2&  84 $\pm$  13 \\
Experiment:  K = 7  
st 6.000000 sv 3.000000 scale 4.000000 timescale 8.000000 qKS 55
1     & FC1&  84 $\pm$  13 \\
Experiment:  K = 7  
st 6.000000 sv 3.000000 scale 4.000000 timescale 8.000000 qKS 80
1     & F8&  84 $\pm$  19 \\
Experiment:  K = 7  
st 6.000000 sv 3.000000 scale 4.000000 timescale 8.000000 qKS 55
1     & FC1&  84 $\pm$   6 \\
Experiment:  K = 7  
st 6.000000 sv 3.000000 scale 4.000000 timescale 8.000000 qKS 55
1     & C6&  84 $\pm$  10 \\
Experiment:  K = 7  
st 6.000000 sv 3.000000 scale 4.000000 timescale 8.000000 qKS 55
1     & PO7&  84 $\pm$  29 \\
Experiment:  K = 7  
st 6.000000 sv 3.000000 scale 4.000000 timescale 8.000000 qKS 55
1     & CP3&  84 $\pm$  26 \\
Experiment:  K = 7  
st 6.000000 sv 3.000000 scale 4.000000 timescale 8.000000 qKS 55
1     & FT7&  84 $\pm$  13 \\
Experiment:  K = 7  
st 6.000000 sv 3.000000 scale 4.000000 timescale 8.000000 qKS 80
1     & FC1&  84 $\pm$  19 \\
Experiment:  K = 7  
st 6.000000 sv 3.000000 scale 4.000000 timescale 8.000000 qKS 55
1     & FC3&  84 $\pm$   6 \\
Experiment:  K = 7  
st 6.000000 sv 3.000000 scale 4.000000 timescale 8.000000 qKS 55
1     & C1&  84 $\pm$  16 \\
Experiment:  K = 7  
st 6.000000 sv 3.000000 scale 4.000000 timescale 8.000000 qKS 55
1     & PO7&  84 $\pm$  26 \\
Experiment:  K = 7  
st 6.000000 sv 3.000000 scale 4.000000 timescale 8.000000 qKS 55
1     & FCZ&  84 $\pm$  19 \\
Experiment:  K = 7  
st 6.000000 sv 3.000000 scale 4.000000 timescale 8.000000 qKS 55
1     & FC1&  84 $\pm$  13 \\
Experiment:  K = 7  
st 6.000000 sv 3.000000 scale 4.000000 timescale 8.000000 qKS 80
1     & PO7&  84 $\pm$  29 \\
Experiment:  K = 7  
st 6.000000 sv 3.000000 scale 4.000000 timescale 8.000000 qKS 55
1     & C4&  84 $\pm$  10 \\
Experiment:  K = 7  
st 6.000000 sv 3.000000 scale 4.000000 timescale 8.000000 qKS 55
1     & FPz&  84 $\pm$  16 \\
Experiment:  K = 7  
st 6.000000 sv 3.000000 scale 4.000000 timescale 8.000000 qKS 55
1     & PO7&  84 $\pm$  35 \\
Experiment:  K = 7  
st 6.000000 sv 3.000000 scale 4.000000 timescale 8.000000 qKS 55
1     & CP1&  84 $\pm$  29 \\
Experiment:  K = 7  
st 6.000000 sv 3.000000 scale 4.000000 timescale 8.000000 qKS 55
1     & FC1&  84 $\pm$  13 \\
Experiment:  K = 7  
st 6.000000 sv 3.000000 scale 4.000000 timescale 8.000000 qKS 80
1     & AF3&  84 $\pm$  39 \\
Experiment:  K = 7  
st 6.000000 sv 3.000000 scale 4.000000 timescale 8.000000 qKS 55
1     & FC2&  84 $\pm$  19 \\
Experiment:  K = 7  
st 6.000000 sv 3.000000 scale 4.000000 timescale 8.000000 qKS 55
1     & PO8&  84 $\pm$  23 \\
Experiment:  K = 7  
st 6.000000 sv 3.000000 scale 4.000000 timescale 8.000000 qKS 55
1     & FC3&  84 $\pm$  35 \\
Experiment:  K = 7  
st 6.000000 sv 3.000000 scale 4.000000 timescale 8.000000 qKS 55
1     & Cz&  84 $\pm$  39 \\
Experiment:  K = 7  
st 6.000000 sv 3.000000 scale 4.000000 timescale 8.000000 qKS 55
1     & C4&  84 $\pm$  16 \\
Experiment:  K = 7  
st 6.000000 sv 3.000000 scale 4.000000 timescale 8.000000 qKS 80
1     & FCZ&  84 $\pm$  48 \\
Experiment:  K = 7  
st 6.000000 sv 3.000000 scale 4.000000 timescale 8.000000 qKS 55
1     & C1&  84 $\pm$  10 \\
Experiment:  K = 7  
st 6.000000 sv 3.000000 scale 4.000000 timescale 8.000000 qKS 55
1     & F8&  84 $\pm$  13 \\
Experiment:  K = 7  
st 6.000000 sv 3.000000 scale 4.000000 timescale 8.000000 qKS 55
1     & FC2&  84 $\pm$  45 \\
Experiment:  K = 7  
st 6.000000 sv 3.000000 scale 4.000000 timescale 8.000000 qKS 55
1     & Cz&  84 $\pm$  39 \\
Experiment:  K = 7  
st 6.000000 sv 3.000000 scale 4.000000 timescale 8.000000 qKS 55
1     & PO7&  84 $\pm$  13 \\
Experiment:  K = 7  
st 6.000000 sv 3.000000 scale 4.000000 timescale 8.000000 qKS 80
1     & FCZ&  84 $\pm$  45 \\
Experiment:  K = 7  
st 6.000000 sv 3.000000 scale 4.000000 timescale 8.000000 qKS 55
1     & C1&  84 $\pm$  19 \\
Experiment:  K = 7  
st 6.000000 sv 3.000000 scale 4.000000 timescale 8.000000 qKS 55
1     & FC5&  84 $\pm$  13 \\
Experiment:  K = 7  
st 6.000000 sv 3.000000 scale 4.000000 timescale 8.000000 qKS 55
1     & Cz&  84 $\pm$  42 \\
Experiment:  K = 7  
st 6.000000 sv 3.000000 scale 4.000000 timescale 8.000000 qKS 55
1     & Cz&  84 $\pm$  39 \\
Experiment:  K = 7  
st 6.000000 sv 3.000000 scale 4.000000 timescale 8.000000 qKS 55
1     & P8&  84 $\pm$  19 \\
Experiment:  K = 7  
st 6.000000 sv 3.000000 scale 4.000000 timescale 8.000000 qKS 80
1     & FC1&  84 $\pm$  48 \\
Experiment:  K = 7  
st 6.000000 sv 3.000000 scale 4.000000 timescale 8.000000 qKS 55
1     & Cz&  84 $\pm$  26 \\
Experiment:  K = 7  
st 6.000000 sv 3.000000 scale 4.000000 timescale 8.000000 qKS 55
1     & FC5&  84 $\pm$  13 \\
Experiment:  K = 7  
st 6.000000 sv 3.000000 scale 4.000000 timescale 8.000000 qKS 55
1     & FC1&  84 $\pm$  58 \\
Experiment:  K = 7  
st 6.000000 sv 3.000000 scale 4.000000 timescale 8.000000 qKS 55
1     & Cz&  84 $\pm$  45 \\
Experiment:  K = 7  
st 6.000000 sv 3.000000 scale 4.000000 timescale 8.000000 qKS 55
1     & FC2&  84 $\pm$  13 \\
Experiment:  K = 7  
st 6.000000 sv 3.000000 scale 4.000000 timescale 8.000000 qKS 80
1     & FC1&  84 $\pm$  48 \\
Experiment:  K = 7  
st 6.000000 sv 3.000000 scale 4.000000 timescale 8.000000 qKS 55
1     & Cz&  84 $\pm$  29 \\
Experiment:  K = 7  
st 6.000000 sv 3.000000 scale 4.000000 timescale 8.000000 qKS 55
1     & CP1&  84 $\pm$  26 \\
Experiment:  K = 7  
st 6.000000 sv 3.000000 scale 4.000000 timescale 8.000000 qKS 55
1     & Cz&  84 $\pm$  65 \\
Experiment:  K = 7  
st 6.000000 sv 3.000000 scale 4.000000 timescale 8.000000 qKS 55
1     & Cz&  84 $\pm$  55 \\
Experiment:  K = 7  
st 6.000000 sv 3.000000 scale 4.000000 timescale 8.000000 qKS 55
1     & C1&  84 $\pm$  19 \\
Experiment:  K = 7  
st 6.000000 sv 3.000000 scale 4.000000 timescale 8.000000 qKS 80
1     & FC1&  84 $\pm$  68 \\
Experiment:  K = 7  
st 6.000000 sv 3.000000 scale 4.000000 timescale 8.000000 qKS 55
1     & AF3&  84 $\pm$  26 \\
Experiment:  K = 7  
st 6.000000 sv 3.000000 scale 4.000000 timescale 8.000000 qKS 55
1     & C4&  84 $\pm$  19 \\
Experiment:  K = 7  
st 6.000000 sv 3.000000 scale 4.000000 timescale 8.000000 qKS 55
1     & FC1&  84 $\pm$  68 \\
Experiment:  K = 7  
st 3.000000 sv 3.000000 scale 4.000000 timescale 4.000000 qKS 29
21     & P3&  90 $\pm$   5 \\
Experiment:  K = 7  
st 3.000000 sv 3.000000 scale 4.000000 timescale 4.000000 qKS 29
21     & Fz&  90 $\pm$  10 \\
Experiment:  K = 7  
st 3.000000 sv 3.000000 scale 4.000000 timescale 4.000000 qKS 29
21     & Cz&  90 $\pm$  10 \\
Experiment:  K = 7  
st 3.000000 sv 3.000000 scale 4.000000 timescale 4.000000 qKS 29
21     & Fz&  90 $\pm$   5 \\
Experiment:  K = 7  
st 3.000000 sv 3.000000 scale 4.000000 timescale 4.000000 qKS 29
21     & Fz&  90 $\pm$   5 \\
Experiment:  K = 7  
st 3.000000 sv 3.000000 scale 4.000000 timescale 4.000000 qKS 29
21     & P3&  90 $\pm$  10 \\
Experiment:  K = 7  
st 3.000000 sv 3.000000 scale 4.000000 timescale 4.000000 qKS 29
21     & P3&  90 $\pm$  10 \\
Experiment:  K = 7  
st 3.000000 sv 3.000000 scale 4.000000 timescale 4.000000 qKS 29
21     & P3&  90 $\pm$  10 \\
Experiment:  K = 7  
st 3.000000 sv 3.000000 scale 4.000000 timescale 4.000000 qKS 29
21     & P3&  90 $\pm$  10 \\
Experiment:  K = 7  
st 3.000000 sv 3.000000 scale 4.000000 timescale 4.000000 qKS 29
21     & Cz&  90 $\pm$   5 \\
Experiment:  K = 7  
st 3.000000 sv 3.000000 scale 4.000000 timescale 4.000000 qKS 29
21     & Cz&  90 $\pm$  10 \\
Experiment:  K = 7  
st 3.000000 sv 3.000000 scale 4.000000 timescale 4.000000 qKS 29
21     & Cz&  90 $\pm$  10 \\
Experiment:  K = 7  
st 3.000000 sv 3.000000 scale 4.000000 timescale 4.000000 qKS 29
21     & Oz&  90 $\pm$  15 \\
Experiment:  K = 7  
st 3.000000 sv 3.000000 scale 4.000000 timescale 4.000000 qKS 29
21     & Oz&  90 $\pm$  15 \\
Experiment:  K = 7  
st 3.000000 sv 3.000000 scale 4.000000 timescale 4.000000 qKS 29
21     & P4&  90 $\pm$  15 \\
Experiment:  K = 7  
st 3.000000 sv 3.000000 scale 4.000000 timescale 4.000000 qKS 29
21     & P4&  90 $\pm$  15 \\
Experiment:  K = 7  
st 3.000000 sv 3.000000 scale 4.000000 timescale 4.000000 qKS 29
21     & P4&  90 $\pm$  15 \\
Experiment:  K = 7  
st 3.000000 sv 3.000000 scale 4.000000 timescale 4.000000 qKS 29
21     & P4&  90 $\pm$  15 \\
Experiment:  K = 7  
st 3.000000 sv 3.000000 scale 4.000000 timescale 4.000000 qKS 29
21     & Cz&  90 $\pm$  10 \\
Experiment:  K = 7  
st 3.000000 sv 3.000000 scale 4.000000 timescale 4.000000 qKS 29
21     & Cz&  90 $\pm$  10 \\
Experiment:  K = 7  
st 3.000000 sv 3.000000 scale 4.000000 timescale 4.000000 qKS 29
21     & Cz&  90 $\pm$  10 \\
Experiment:  K = 7  
st 3.000000 sv 3.000000 scale 4.000000 timescale 4.000000 qKS 29
21     & Cz&  90 $\pm$  10 \\
Experiment:  K = 7  
st 3.000000 sv 3.000000 scale 4.000000 timescale 4.000000 qKS 29
21     & Cz&  90 $\pm$  10 \\
Experiment:  K = 7  
st 3.000000 sv 3.000000 scale 4.000000 timescale 4.000000 qKS 29
21     & Cz&  90 $\pm$  10 \\
Experiment:  K = 7  
st 3.000000 sv 3.000000 scale 4.000000 timescale 4.000000 qKS 29
21     & Cz&  90 $\pm$  10 \\
Experiment:  K = 7  
st 3.000000 sv 3.000000 scale 4.000000 timescale 4.000000 qKS 29
21     & Cz&  90 $\pm$   5 \\
Experiment:  K = 7  
st 3.000000 sv 3.000000 scale 4.000000 timescale 4.000000 qKS 29
21     & Cz&  90 $\pm$   5 \\
Experiment:  K = 7  
st 3.000000 sv 3.000000 scale 4.000000 timescale 4.000000 qKS 29
21     & Cz&  90 $\pm$  10 \\
Experiment:  K = 7  
st 3.000000 sv 3.000000 scale 4.000000 timescale 4.000000 qKS 29
21     & Pz&  90 $\pm$  10 \\
Experiment:  K = 7  
st 3.000000 sv 3.000000 scale 4.000000 timescale 4.000000 qKS 29
21     & Cz&  90 $\pm$  10 \\
Experiment:  K = 7  
st 3.000000 sv 3.000000 scale 4.000000 timescale 4.000000 qKS 29
21     & Cz&  90 $\pm$   5 \\
Experiment:  K = 7  
st 3.000000 sv 3.000000 scale 4.000000 timescale 4.000000 qKS 29
21     & Cz&  90 $\pm$   5 \\
Experiment:  K = 7  
st 3.000000 sv 3.000000 scale 4.000000 timescale 4.000000 qKS 29
21     & Pz&  90 $\pm$  10 \\
Experiment:  K = 7  
st 3.000000 sv 3.000000 scale 4.000000 timescale 4.000000 qKS 29
21     & Fz&  90 $\pm$   5 \\
Experiment:  K = 7  
st 3.000000 sv 3.000000 scale 4.000000 timescale 4.000000 qKS 29
21     & P3&  90 $\pm$   5 \\
Experiment:  K = 7  
st 3.000000 sv 3.000000 scale 4.000000 timescale 4.000000 qKS 29
21     & P3&  90 $\pm$   5 \\
Experiment:  K = 7  
st 3.000000 sv 3.000000 scale 4.000000 timescale 4.000000 qKS 29
21     & P3&  90 $\pm$   5 \\
Experiment:  K = 7  
st 3.000000 sv 3.000000 scale 4.000000 timescale 4.000000 qKS 29
21     & Cz&  90 $\pm$   5 \\
Experiment:  K = 7  
st 3.000000 sv 3.000000 scale 4.000000 timescale 4.000000 qKS 29
21     & Cz&  90 $\pm$  10 \\
Experiment:  K = 7  
st 3.000000 sv 3.000000 scale 4.000000 timescale 4.000000 qKS 29
21     & Cz&  90 $\pm$   5 \\
Experiment:  K = 7  
st 3.000000 sv 3.000000 scale 4.000000 timescale 4.000000 qKS 29
21     & Cz&  90 $\pm$   5 \\
Experiment:  K = 7  
st 3.000000 sv 3.000000 scale 4.000000 timescale 4.000000 qKS 29
21     & PO8&  90 $\pm$  10 \\
Experiment:  K = 7  
st 3.000000 sv 3.000000 scale 4.000000 timescale 4.000000 qKS 29
21     & Pz&  90 $\pm$   5 \\
Experiment:  K = 7  
st 3.000000 sv 3.000000 scale 4.000000 timescale 4.000000 qKS 29
21     & PO7&  90 $\pm$  10 \\
Experiment:  K = 7  
st 3.000000 sv 3.000000 scale 4.000000 timescale 4.000000 qKS 29
21     & PO7&  90 $\pm$  10 \\
Experiment:  K = 7  
st 3.000000 sv 3.000000 scale 4.000000 timescale 4.000000 qKS 29
21     & Pz&  90 $\pm$  10 \\
Experiment:  K = 7  
st 3.000000 sv 3.000000 scale 4.000000 timescale 4.000000 qKS 29
21     & Pz&  90 $\pm$   5 \\
Experiment:  K = 7  
st 3.000000 sv 3.000000 scale 4.000000 timescale 4.000000 qKS 29
21     & Pz&  90 $\pm$   5 \\
Experiment:  K = 7  
st 3.000000 sv 3.000000 scale 4.000000 timescale 4.000000 qKS 29
21     & Pz&  90 $\pm$   5 \\
Experiment:  K = 7  
st 3.000000 sv 3.000000 scale 4.000000 timescale 4.000000 qKS 29
21     & Pz&  90 $\pm$  10 \\
Experiment:  K = 7  
st 3.000000 sv 3.000000 scale 4.000000 timescale 4.000000 qKS 29
21     & Cz&  90 $\pm$   5 \\
Experiment:  K = 7  
st 3.000000 sv 3.000000 scale 4.000000 timescale 4.000000 qKS 29
21     & Fz&  90 $\pm$   0 \\
Experiment:  K = 7  
st 3.000000 sv 3.000000 scale 4.000000 timescale 4.000000 qKS 29
21     & P4&  90 $\pm$   5 \\
Experiment:  K = 7  
st 3.000000 sv 3.000000 scale 4.000000 timescale 4.000000 qKS 29
21     & Cz&  90 $\pm$   5 \\
Experiment:  K = 7  
st 3.000000 sv 3.000000 scale 4.000000 timescale 4.000000 qKS 29
21     & Oz&  90 $\pm$   5 \\
Experiment:  K = 7  
st 3.000000 sv 3.000000 scale 4.000000 timescale 4.000000 qKS 29
21     & Pz&  90 $\pm$   5 \\
Experiment:  K = 7  
st 3.000000 sv 3.000000 scale 4.000000 timescale 4.000000 qKS 29
21     & Cz&  90 $\pm$   5 \\
Experiment:  K = 7  
st 3.000000 sv 3.000000 scale 4.000000 timescale 4.000000 qKS 29
21     & Cz&  90 $\pm$  10 \\
Experiment:  K = 7  
st 3.000000 sv 3.000000 scale 4.000000 timescale 4.000000 qKS 29
21     & Oz&  90 $\pm$  10 \\
Experiment:  K = 7  
st 3.000000 sv 3.000000 scale 4.000000 timescale 4.000000 qKS 29
21     & P3&  90 $\pm$   5 \\
Experiment:  K = 7  
st 3.000000 sv 3.000000 scale 4.000000 timescale 4.000000 qKS 29
21     & P3&  90 $\pm$   5 \\
Experiment:  K = 7  
st 3.000000 sv 3.000000 scale 4.000000 timescale 4.000000 qKS 29
21     & Fz&  90 $\pm$  10 \\
Experiment:  K = 7  
st 3.000000 sv 3.000000 scale 4.000000 timescale 4.000000 qKS 29
21     & Fz&  90 $\pm$  10 \\
Experiment:  K = 7  
st 3.000000 sv 3.000000 scale 4.000000 timescale 4.000000 qKS 29
21     & P3&  90 $\pm$  10 \\
Experiment:  K = 7  
st 3.000000 sv 3.000000 scale 4.000000 timescale 4.000000 qKS 29
21     & Cz&  90 $\pm$  10 \\
Experiment:  K = 7  
st 3.000000 sv 3.000000 scale 4.000000 timescale 4.000000 qKS 29
21     & P4&  90 $\pm$  15 \\
Experiment:  K = 7  
st 3.000000 sv 3.000000 scale 4.000000 timescale 4.000000 qKS 29
21     & Cz&  90 $\pm$  10 \\
Experiment:  K = 7  
st 3.000000 sv 3.000000 scale 4.000000 timescale 4.000000 qKS 29
21     & Cz&  90 $\pm$   5 \\
Experiment:  K = 7  
st 3.000000 sv 3.000000 scale 4.000000 timescale 4.000000 qKS 29
21     & Cz&  90 $\pm$   5 \\
Experiment:  K = 7  
st 3.000000 sv 3.000000 scale 4.000000 timescale 4.000000 qKS 29
21     & P3&  90 $\pm$   5 \\
Experiment:  K = 7  
st 3.000000 sv 3.000000 scale 4.000000 timescale 4.000000 qKS 29
21     & PO8&  90 $\pm$  10 \\
Experiment:  K = 7  
st 3.000000 sv 3.000000 scale 4.000000 timescale 4.000000 qKS 29
21     & Pz&  90 $\pm$   5 \\
Experiment:  K = 7  
st 3.000000 sv 3.000000 scale 4.000000 timescale 4.000000 qKS 29
21     & Fz&  90 $\pm$   0 \\
Experiment:  K = 7  
st 3.000000 sv 3.000000 scale 4.000000 timescale 4.000000 qKS 29
21     & Cz&  90 $\pm$   5 \\
Experiment:  K = 7  
st 3.000000 sv 3.000000 scale 4.000000 timescale 4.000000 qKS 29
21     & Fz&  90 $\pm$  10 \\
Experiment:  K = 7  
st 3.000000 sv 3.000000 scale 4.000000 timescale 4.000000 qKS 29
21     & Fz&  90 $\pm$   5 \\
Experiment:  K = 7  
st 3.000000 sv 3.000000 scale 4.000000 timescale 4.000000 qKS 29
21     & P3&  90 $\pm$  10 \\
Experiment:  K = 7  
st 3.000000 sv 3.000000 scale 4.000000 timescale 4.000000 qKS 29
21     & Oz&  90 $\pm$  15 \\
Experiment:  K = 7  
st 3.000000 sv 3.000000 scale 4.000000 timescale 4.000000 qKS 29
21     & Cz&  90 $\pm$  10 \\
Experiment:  K = 7  
st 3.000000 sv 3.000000 scale 4.000000 timescale 4.000000 qKS 29
21     & Cz&  90 $\pm$  10 \\
Experiment:  K = 7  
st 3.000000 sv 3.000000 scale 4.000000 timescale 4.000000 qKS 29
21     & Cz&  90 $\pm$   5 \\
Experiment:  K = 7  
st 3.000000 sv 3.000000 scale 4.000000 timescale 4.000000 qKS 29
21     & PO7&  90 $\pm$  10 \\
Experiment:  K = 7  
st 3.000000 sv 3.000000 scale 4.000000 timescale 4.000000 qKS 29
21     & Pz&  90 $\pm$   5 \\
Experiment:  K = 7  
st 3.000000 sv 3.000000 scale 4.000000 timescale 4.000000 qKS 29
21     & Fz&  90 $\pm$   5 \\
Experiment:  K = 7  
st 3.000000 sv 3.000000 scale 4.000000 timescale 4.000000 qKS 29
21     & Cz&  90 $\pm$  10 \\
Experiment:  K = 7  
st 3.000000 sv 3.000000 scale 4.000000 timescale 4.000000 qKS 29
21     & Cz&  90 $\pm$   5 \\
Experiment:  K = 7  
st 3.000000 sv 3.000000 scale 4.000000 timescale 4.000000 qKS 29
21     & Pz&  90 $\pm$   5 \\
Experiment:  K = 7  
st 3.000000 sv 3.000000 scale 4.000000 timescale 4.000000 qKS 29
21     & Fz&  90 $\pm$   5 \\
Experiment:  K = 7  
st 3.000000 sv 3.000000 scale 4.000000 timescale 4.000000 qKS 29
21     & Cz&  90 $\pm$  10 \\
Experiment:  K = 7  
st 3.000000 sv 3.000000 scale 4.000000 timescale 4.000000 qKS 29
21     & Cz&  90 $\pm$  10 \\
Experiment:  K = 7  
st 3.000000 sv 3.000000 scale 4.000000 timescale 4.000000 qKS 29
21     & Pz&  90 $\pm$  15 \\
Experiment:  K = 7  
st 3.000000 sv 3.000000 scale 4.000000 timescale 4.000000 qKS 29
21     & Cz&  90 $\pm$  10 \\
Experiment:  K = 7  
st 3.000000 sv 3.000000 scale 4.000000 timescale 4.000000 qKS 29
21     & Cz&  90 $\pm$   5 \\
Experiment:  K = 7  
st 3.000000 sv 3.000000 scale 4.000000 timescale 4.000000 qKS 29
21     & Cz&  90 $\pm$   5 \\
Experiment:  K = 7  
st 3.000000 sv 3.000000 scale 4.000000 timescale 4.000000 qKS 29
21     & Pz&  90 $\pm$  15 \\
Experiment:  K = 7  
st 3.000000 sv 3.000000 scale 4.000000 timescale 4.000000 qKS 29
21     & Cz&  90 $\pm$   5 \\
Experiment:  K = 7  
st 3.000000 sv 3.000000 scale 4.000000 timescale 4.000000 qKS 29
21     & Pz&  90 $\pm$  10 \\
Experiment:  K = 7  
st 3.000000 sv 3.000000 scale 4.000000 timescale 4.000000 qKS 29
21     & Pz&  90 $\pm$   5 \\
Experiment:  K = 7  
st 3.000000 sv 3.000000 scale 4.000000 timescale 4.000000 qKS 29
21     & Cz&  90 $\pm$   5 \\
Experiment:  K = 7  
st 3.000000 sv 3.000000 scale 4.000000 timescale 4.000000 qKS 29
21     & P3&  90 $\pm$  10 \\
Experiment:  K = 7  
st 3.000000 sv 3.000000 scale 4.000000 timescale 4.000000 qKS 29
21     & Cz&  90 $\pm$  10 \\
Experiment:  K = 7  
st 3.000000 sv 3.000000 scale 4.000000 timescale 4.000000 qKS 29
21     & Cz&  90 $\pm$  10 \\
Experiment:  K = 7  
st 3.000000 sv 3.000000 scale 4.000000 timescale 4.000000 qKS 29
21     & Pz&  90 $\pm$  15 \\
Experiment:  K = 7  
st 3.000000 sv 3.000000 scale 4.000000 timescale 4.000000 qKS 29
21     & Cz&  90 $\pm$   5 \\
Experiment:  K = 7  
st 3.000000 sv 3.000000 scale 4.000000 timescale 4.000000 qKS 29
21     & P3&  90 $\pm$   5 \\
Experiment:  K = 7  
st 3.000000 sv 3.000000 scale 4.000000 timescale 4.000000 qKS 29
21     & Pz&  90 $\pm$  10 \\
Experiment:  K = 7  
st 3.000000 sv 3.000000 scale 4.000000 timescale 4.000000 qKS 29
21     & P3&  90 $\pm$  10 \\
Experiment:  K = 7  
st 3.000000 sv 3.000000 scale 4.000000 timescale 4.000000 qKS 29
21     & PO8&  90 $\pm$  10 \\
Experiment:  K = 7  
st 3.000000 sv 3.000000 scale 4.000000 timescale 4.000000 qKS 29
21     & PO7&  90 $\pm$  10 \\
Experiment:  K = 7  
st 3.000000 sv 3.000000 scale 4.000000 timescale 4.000000 qKS 29
21     & Fz&  90 $\pm$   5 \\
Experiment:  K = 7  
st 3.000000 sv 3.000000 scale 4.000000 timescale 4.000000 qKS 29
21     & Pz&  90 $\pm$  10 \\
Experiment:  K = 7  
st 3.000000 sv 3.000000 scale 4.000000 timescale 4.000000 qKS 29
21     & Cz&  90 $\pm$  10 \\
Experiment:  K = 7  
st 3.000000 sv 3.000000 scale 4.000000 timescale 4.000000 qKS 29
21     & Pz&  90 $\pm$  15 \\
Experiment:  K = 7  
st 3.000000 sv 3.000000 scale 4.000000 timescale 4.000000 qKS 29
21     & P3&  90 $\pm$  10 \\
Experiment:  K = 7  
st 3.000000 sv 3.000000 scale 4.000000 timescale 4.000000 qKS 29
21     & P4&  90 $\pm$  10 \\
Experiment:  K = 7  
st 3.000000 sv 3.000000 scale 4.000000 timescale 4.000000 qKS 29
21     & P3&  90 $\pm$  10 \\
Experiment:  K = 7  
st 3.000000 sv 3.000000 scale 4.000000 timescale 4.000000 qKS 29
21     & Pz&  90 $\pm$  10 \\
Experiment:  K = 7  
st 3.000000 sv 3.000000 scale 4.000000 timescale 4.000000 qKS 29
21     & Pz&  90 $\pm$  10 \\
Experiment:  K = 7  
st 3.000000 sv 3.000000 scale 4.000000 timescale 4.000000 qKS 29
21     & PO8&  90 $\pm$  15 \\
Experiment:  K = 7  
st 3.000000 sv 3.000000 scale 4.000000 timescale 4.000000 qKS 29
21     & P4&  90 $\pm$  10 \\
Experiment:  K = 7  
st 3.000000 sv 3.000000 scale 4.000000 timescale 4.000000 qKS 29
21     & Fz&  90 $\pm$   5 \\
Experiment:  K = 7  
st 3.000000 sv 3.000000 scale 4.000000 timescale 4.000000 qKS 29
21     & Pz&  90 $\pm$  15 \\
Experiment:  K = 7  
st 3.000000 sv 3.000000 scale 4.000000 timescale 4.000000 qKS 29
21     & Cz&  90 $\pm$  10 \\
Experiment:  K = 7  
st 3.000000 sv 3.000000 scale 4.000000 timescale 4.000000 qKS 29
21     & Pz&  90 $\pm$  15 \\
Experiment:  K = 7  
st 3.000000 sv 3.000000 scale 4.000000 timescale 4.000000 qKS 29
21     & P3&  90 $\pm$  10 \\
Experiment:  K = 7  
st 3.000000 sv 3.000000 scale 4.000000 timescale 4.000000 qKS 29
21     & P4&  90 $\pm$  10 \\
Experiment:  K = 7  
st 3.000000 sv 3.000000 scale 4.000000 timescale 4.000000 qKS 29
21     & P3&  90 $\pm$  10 \\
Experiment:  K = 7  
st 3.000000 sv 3.000000 scale 4.000000 timescale 4.000000 qKS 29
21     & Pz&  90 $\pm$  10 \\
Experiment:  K = 7  
st 3.000000 sv 3.000000 scale 4.000000 timescale 4.000000 qKS 29
21     & Pz&  90 $\pm$  10 \\
Experiment:  K = 7  
st 3.000000 sv 3.000000 scale 4.000000 timescale 4.000000 qKS 29
21     & PO8&  90 $\pm$  10 \\
Experiment:  K = 7  
st 3.000000 sv 3.000000 scale 4.000000 timescale 4.000000 qKS 29
21     & P4&  90 $\pm$  20 \\
Experiment:  K = 7  
st 3.000000 sv 3.000000 scale 4.000000 timescale 4.000000 qKS 29
21     & PO8&  90 $\pm$  15 \\
Experiment:  K = 7  
st 3.000000 sv 3.000000 scale 4.000000 timescale 4.000000 qKS 29
21     & Pz&  90 $\pm$  15 \\
Experiment:  K = 7  
st 3.000000 sv 3.000000 scale 4.000000 timescale 4.000000 qKS 29
21     & Cz&  90 $\pm$  10 \\
Experiment:  K = 7  
st 3.000000 sv 3.000000 scale 4.000000 timescale 4.000000 qKS 29
21     & Pz&  90 $\pm$  15 \\
Experiment:  K = 7  
st 3.000000 sv 3.000000 scale 4.000000 timescale 4.000000 qKS 29
21     & Pz&  90 $\pm$  10 \\
Experiment:  K = 7  
st 3.000000 sv 3.000000 scale 4.000000 timescale 4.000000 qKS 29
21     & P4&  90 $\pm$  15 \\
Experiment:  K = 7  
st 3.000000 sv 3.000000 scale 4.000000 timescale 4.000000 qKS 29
21     & P4&  90 $\pm$  15 \\
Experiment:  K = 7  
st 3.000000 sv 3.000000 scale 4.000000 timescale 4.000000 qKS 29
21     & P3&  90 $\pm$  15 \\
Experiment:  K = 7  
st 3.000000 sv 3.000000 scale 4.000000 timescale 4.000000 qKS 29
21     & PO7&  90 $\pm$  10 \\
Experiment:  K = 7  
st 3.000000 sv 3.000000 scale 4.000000 timescale 4.000000 qKS 29
21     & Cz&  90 $\pm$   5 \\
Experiment:  K = 7  
st 3.000000 sv 3.000000 scale 4.000000 timescale 4.000000 qKS 29
21     & PO7&  90 $\pm$  10 \\
Experiment:  K = 7  
st 3.000000 sv 3.000000 scale 4.000000 timescale 4.000000 qKS 29
21     & P3&  90 $\pm$  10 \\
Experiment:  K = 7  
st 3.000000 sv 3.000000 scale 4.000000 timescale 4.000000 qKS 29
21     & PO7&  90 $\pm$  25 \\
Experiment:  K = 7  
st 3.000000 sv 3.000000 scale 4.000000 timescale 4.000000 qKS 29
21     & P3&  90 $\pm$  35 \\
Experiment:  K = 7  
st 3.000000 sv 3.000000 scale 4.000000 timescale 4.000000 qKS 29
21     & Oz&  90 $\pm$  20 \\
Experiment:  K = 7  
st 3.000000 sv 3.000000 scale 4.000000 timescale 4.000000 qKS 29
21     & Oz&  90 $\pm$  25 \\
Experiment:  K = 7  
st 3.000000 sv 3.000000 scale 4.000000 timescale 4.000000 qKS 29
21     & PO7&  90 $\pm$  20 \\
Experiment:  K = 7  
st 3.000000 sv 3.000000 scale 4.000000 timescale 4.000000 qKS 29
21     & Oz&  90 $\pm$  25 \\
Experiment:  K = 7  
st 3.000000 sv 3.000000 scale 4.000000 timescale 4.000000 qKS 29
21     & PO8&  90 $\pm$  20 \\
Experiment:  K = 7  
st 3.000000 sv 3.000000 scale 4.000000 timescale 4.000000 qKS 29
21     & PO8&  90 $\pm$  35 \\
Experiment:  K = 7  
st 3.000000 sv 3.000000 scale 4.000000 timescale 4.000000 qKS 29
21     & Oz&  90 $\pm$  10 \\
Experiment:  K = 7  
st 3.000000 sv 3.000000 scale 4.000000 timescale 4.000000 qKS 29
21     & P3&  90 $\pm$  15 \\
Experiment:  K = 7  
st 3.000000 sv 3.000000 scale 4.000000 timescale 4.000000 qKS 29
21     & Cz&  90 $\pm$  10 \\
Experiment:  K = 7  
st 3.000000 sv 3.000000 scale 4.000000 timescale 4.000000 qKS 29
21     & Fz&  90 $\pm$  10 \\
Experiment:  K = 7  
st 3.000000 sv 3.000000 scale 4.000000 timescale 4.000000 qKS 29
21     & PO7&  90 $\pm$  15 \\
Experiment:  K = 7  
st 3.000000 sv 3.000000 scale 4.000000 timescale 4.000000 qKS 29
21     & PO7&  90 $\pm$  25 \\
Experiment:  K = 7  
st 3.000000 sv 3.000000 scale 4.000000 timescale 4.000000 qKS 29
21     & Fz&  90 $\pm$  25 \\
Experiment:  K = 7  
st 3.000000 sv 3.000000 scale 4.000000 timescale 4.000000 qKS 29
21     & Oz&  90 $\pm$  25 \\
Experiment:  K = 7  
st 3.000000 sv 3.000000 scale 4.000000 timescale 4.000000 qKS 29
21     & Cz&  90 $\pm$  25 \\
Experiment:  K = 7  
st 3.000000 sv 3.000000 scale 4.000000 timescale 4.000000 qKS 29
21     & Cz&  90 $\pm$  25 \\
Experiment:  K = 7  
st 3.000000 sv 3.000000 scale 4.000000 timescale 4.000000 qKS 29
21     & Oz&  90 $\pm$  20 \\
Experiment:  K = 7  
st 3.000000 sv 3.000000 scale 4.000000 timescale 4.000000 qKS 29
21     & P4&  90 $\pm$  25 \\
Experiment:  K = 7  
st 3.000000 sv 3.000000 scale 4.000000 timescale 4.000000 qKS 29
21     & PO8&  90 $\pm$  25 \\
Experiment:  K = 7  
st 3.000000 sv 3.000000 scale 4.000000 timescale 4.000000 qKS 29
21     & PO8&  90 $\pm$  10 \\
Experiment:  K = 7  
st 3.000000 sv 3.000000 scale 4.000000 timescale 4.000000 qKS 29
21     & P3&  90 $\pm$  10 \\
Experiment:  K = 7  
st 3.000000 sv 3.000000 scale 4.000000 timescale 4.000000 qKS 29
21     & Cz&  90 $\pm$  10 \\
Experiment:  K = 7  
st 3.000000 sv 3.000000 scale 4.000000 timescale 4.000000 qKS 29
21     & Pz&  90 $\pm$  15 \\
Experiment:  K = 7  
st 3.000000 sv 3.000000 scale 4.000000 timescale 4.000000 qKS 29
21     & PO8&  90 $\pm$  25 \\
Experiment:  K = 7  
st 3.000000 sv 3.000000 scale 4.000000 timescale 4.000000 qKS 29
21     & P3&  90 $\pm$  25 \\
Experiment:  K = 7  
st 3.000000 sv 3.000000 scale 4.000000 timescale 4.000000 qKS 29
21     & Oz&  90 $\pm$  30 \\
Experiment:  K = 7  
st 3.000000 sv 3.000000 scale 4.000000 timescale 4.000000 qKS 29
21     & Cz&  90 $\pm$  25 \\
Experiment:  K = 7  
st 3.000000 sv 3.000000 scale 4.000000 timescale 4.000000 qKS 29
21     & Oz&  90 $\pm$  20 \\
Experiment:  K = 7  
st 3.000000 sv 3.000000 scale 4.000000 timescale 4.000000 qKS 29
21     & Oz&  90 $\pm$  20 \\
Experiment:  K = 7  
st 3.000000 sv 3.000000 scale 4.000000 timescale 4.000000 qKS 29
21     & P4&  90 $\pm$  15 \\
Experiment:  K = 7  
st 3.000000 sv 3.000000 scale 4.000000 timescale 4.000000 qKS 29
21     & PO8&  90 $\pm$  25 \\
Experiment:  K = 7  
st 3.000000 sv 3.000000 scale 4.000000 timescale 4.000000 qKS 29
21     & PO8&  90 $\pm$  10 \\
Experiment:  K = 7  
st 3.000000 sv 3.000000 scale 4.000000 timescale 4.000000 qKS 29
21     & P3&  90 $\pm$  15 \\
Experiment:  K = 7  
st 3.000000 sv 3.000000 scale 4.000000 timescale 4.000000 qKS 29
21     & Cz&  90 $\pm$  10 \\
Experiment:  K = 7  
st 3.000000 sv 3.000000 scale 4.000000 timescale 4.000000 qKS 29
21     & PO7&  90 $\pm$  30 \\
Experiment:  K = 7  
st 3.000000 sv 3.000000 scale 4.000000 timescale 4.000000 qKS 29
21     & P3&  90 $\pm$  30 \\
Experiment:  K = 7  
st 3.000000 sv 3.000000 scale 4.000000 timescale 4.000000 qKS 29
21     & Oz&  90 $\pm$  25 \\
Experiment:  K = 7  
st 3.000000 sv 3.000000 scale 4.000000 timescale 4.000000 qKS 29
21     & Oz&  90 $\pm$  30 \\
Experiment:  K = 7  
st 3.000000 sv 3.000000 scale 4.000000 timescale 4.000000 qKS 29
21     & Cz&  90 $\pm$  35 \\
Experiment:  K = 7  
st 3.000000 sv 3.000000 scale 4.000000 timescale 4.000000 qKS 29
21     & Cz&  90 $\pm$  20 \\
Experiment:  K = 7  
st 3.000000 sv 3.000000 scale 4.000000 timescale 4.000000 qKS 29
21     & P3&  90 $\pm$  25 \\
Experiment:  K = 7  
st 3.000000 sv 3.000000 scale 4.000000 timescale 4.000000 qKS 29
21     & P3&  90 $\pm$  15 \\
Experiment:  K = 7  
st 3.000000 sv 3.000000 scale 4.000000 timescale 4.000000 qKS 29
21     & PO8&  90 $\pm$  30 \\
Experiment:  K = 7  
st 3.000000 sv 3.000000 scale 4.000000 timescale 4.000000 qKS 29
21     & Cz&  90 $\pm$   5 \\
Experiment:  K = 7  
st 3.000000 sv 3.000000 scale 4.000000 timescale 4.000000 qKS 29
21     & Pz&  90 $\pm$  10 \\
Experiment:  K = 7  
st 3.000000 sv 3.000000 scale 4.000000 timescale 4.000000 qKS 29
21     & PO7&  90 $\pm$  25 \\
Experiment:  K = 7  
st 3.000000 sv 3.000000 scale 4.000000 timescale 4.000000 qKS 29
21     & Fz&  90 $\pm$  30 \\
Experiment:  K = 7  
st 3.000000 sv 3.000000 scale 4.000000 timescale 4.000000 qKS 29
21     & Oz&  90 $\pm$  30 \\
Experiment:  K = 7  
st 3.000000 sv 3.000000 scale 4.000000 timescale 4.000000 qKS 29
21     & Oz&  90 $\pm$  30 \\
Experiment:  K = 7  
st 3.000000 sv 3.000000 scale 4.000000 timescale 4.000000 qKS 29
21     & Cz&  90 $\pm$  35 \\
Experiment:  K = 7  
st 3.000000 sv 3.000000 scale 4.000000 timescale 4.000000 qKS 29
21     & Oz&  90 $\pm$  20 \\
Experiment:  K = 7  
st 3.000000 sv 3.000000 scale 4.000000 timescale 4.000000 qKS 29
21     & P3&  90 $\pm$  25 \\
Experiment:  K = 7  
st 3.000000 sv 3.000000 scale 4.000000 timescale 4.000000 qKS 29
21     & P3&  90 $\pm$  25 \\
Experiment:  K = 7  
st 3.000000 sv 3.000000 scale 4.000000 timescale 4.000000 qKS 29
21     & PO8&  90 $\pm$  15 \\
Experiment:  K = 7  
st 3.000000 sv 3.000000 scale 4.000000 timescale 4.000000 qKS 29
21     & Cz&  90 $\pm$  10 \\
Experiment:  K = 7  
st 3.000000 sv 3.000000 scale 4.000000 timescale 4.000000 qKS 29
21     & Cz&  90 $\pm$  10 \\
Experiment:  K = 7  
st 3.000000 sv 3.000000 scale 4.000000 timescale 4.000000 qKS 29
21     & P3&  90 $\pm$  30 \\
Experiment:  K = 7  
st 3.000000 sv 3.000000 scale 4.000000 timescale 4.000000 qKS 29
21     & P3&  90 $\pm$  30 \\
Experiment:  K = 7  
st 3.000000 sv 3.000000 scale 4.000000 timescale 4.000000 qKS 29
21     & Oz&  90 $\pm$  25 \\
Experiment:  K = 7  
st 3.000000 sv 3.000000 scale 4.000000 timescale 4.000000 qKS 29
21     & Cz&  90 $\pm$  30 \\
Experiment:  K = 7  
st 3.000000 sv 3.000000 scale 4.000000 timescale 4.000000 qKS 29
21     & Cz&  90 $\pm$  30 \\
Experiment:  K = 7  
st 3.000000 sv 3.000000 scale 4.000000 timescale 4.000000 qKS 29
21     & Pz&  90 $\pm$  20 \\
Experiment:  K = 7  
st 3.000000 sv 3.000000 scale 4.000000 timescale 4.000000 qKS 29
21     & P4&  90 $\pm$  25 \\
Experiment:  K = 7  
st 3.000000 sv 3.000000 scale 4.000000 timescale 4.000000 qKS 29
21     & P3&  90 $\pm$  25 \\
Experiment:  K = 7  
st 3.000000 sv 3.000000 scale 4.000000 timescale 4.000000 qKS 29
21     & PO8&  90 $\pm$  15 \\
Experiment:  K = 7  
st 3.000000 sv 3.000000 scale 4.000000 timescale 4.000000 qKS 29
21     & Pz&  90 $\pm$  15 \\
Experiment:  K = 7  
st 3.000000 sv 3.000000 scale 4.000000 timescale 4.000000 qKS 29
21     & P3&  90 $\pm$  10 \\
Experiment:  K = 7  
st 3.000000 sv 3.000000 scale 4.000000 timescale 4.000000 qKS 29
21     & Fz&  90 $\pm$  30 \\
Experiment:  K = 7  
st 3.000000 sv 3.000000 scale 4.000000 timescale 4.000000 qKS 29
21     & Fz&  90 $\pm$  25 \\
Experiment:  K = 7  
st 3.000000 sv 3.000000 scale 4.000000 timescale 4.000000 qKS 29
21     & P3&  90 $\pm$  30 \\
Experiment:  K = 7  
st 3.000000 sv 3.000000 scale 4.000000 timescale 4.000000 qKS 29
21     & Cz&  90 $\pm$  30 \\
Experiment:  K = 7  
st 3.000000 sv 3.000000 scale 4.000000 timescale 4.000000 qKS 29
21     & Cz&  90 $\pm$  25 \\
Experiment:  K = 7  
st 3.000000 sv 3.000000 scale 4.000000 timescale 4.000000 qKS 29
21     & Pz&  90 $\pm$  15 \\
Experiment:  K = 7  
st 3.000000 sv 3.000000 scale 4.000000 timescale 4.000000 qKS 29
21     & P4&  90 $\pm$  25 \\
Experiment:  K = 7  
st 3.000000 sv 3.000000 scale 4.000000 timescale 4.000000 qKS 29
21     & Cz&  90 $\pm$  15 \\
Experiment:  K = 7  
st 3.000000 sv 3.000000 scale 4.000000 timescale 4.000000 qKS 29
21     & PO7&  90 $\pm$  25 \\
Experiment:  K = 7  
st 3.000000 sv 3.000000 scale 4.000000 timescale 4.000000 qKS 29
21     & P4&  90 $\pm$  10 \\
Experiment:  K = 7  
st 3.000000 sv 3.000000 scale 4.000000 timescale 4.000000 qKS 28
21     & PO8&  90 $\pm$  10 \\
Experiment:  K = 7  
st 3.000000 sv 3.000000 scale 4.000000 timescale 4.000000 qKS 28
21     & PO8&  90 $\pm$  20 \\
Experiment:  K = 7  
st 3.000000 sv 3.000000 scale 4.000000 timescale 4.000000 qKS 28
21     & PO8&  90 $\pm$  15 \\
Experiment:  K = 7  
st 3.000000 sv 3.000000 scale 4.000000 timescale 4.000000 qKS 28
21     & PO7&  90 $\pm$  20 \\
Experiment:  K = 7  
st 3.000000 sv 3.000000 scale 4.000000 timescale 4.000000 qKS 28
21     & Oz&  90 $\pm$  30 \\
Experiment:  K = 7  
st 3.000000 sv 3.000000 scale 4.000000 timescale 4.000000 qKS 28
21     & PO8&  90 $\pm$  45 \\
Experiment:  K = 7  
st 3.000000 sv 3.000000 scale 4.000000 timescale 4.000000 qKS 28
21     & PO8&  90 $\pm$  40 \\
Experiment:  K = 7  
st 3.000000 sv 3.000000 scale 4.000000 timescale 4.000000 qKS 28
21     & PO8&  90 $\pm$  50 \\
Experiment:  K = 7  
st 3.000000 sv 3.000000 scale 4.000000 timescale 4.000000 qKS 28
21     & PO8&  90 $\pm$  60 \\
Experiment:  K = 7  
st 3.000000 sv 3.000000 scale 4.000000 timescale 4.000000 qKS 28
21     & PO7&  90 $\pm$  50 \\
Experiment:  K = 7  
st 3.000000 sv 3.000000 scale 4.000000 timescale 4.000000 qKS 28
21     & Cz&  90 $\pm$  10 \\
Experiment:  K = 7  
st 3.000000 sv 3.000000 scale 4.000000 timescale 4.000000 qKS 28
21     & PO8&  90 $\pm$  20 \\
Experiment:  K = 7  
st 3.000000 sv 3.000000 scale 4.000000 timescale 4.000000 qKS 28
21     & PO8&  90 $\pm$  15 \\
Experiment:  K = 7  
st 3.000000 sv 3.000000 scale 4.000000 timescale 4.000000 qKS 28
21     & P3&  90 $\pm$  20 \\
Experiment:  K = 7  
st 3.000000 sv 3.000000 scale 4.000000 timescale 4.000000 qKS 28
21     & Oz&  90 $\pm$  35 \\
Experiment:  K = 7  
st 3.000000 sv 3.000000 scale 4.000000 timescale 4.000000 qKS 28
21     & PO8&  90 $\pm$  40 \\
Experiment:  K = 7  
st 3.000000 sv 3.000000 scale 4.000000 timescale 4.000000 qKS 28
21     & PO8&  90 $\pm$  35 \\
Experiment:  K = 7  
st 3.000000 sv 3.000000 scale 4.000000 timescale 4.000000 qKS 28
21     & PO8&  90 $\pm$  45 \\
Experiment:  K = 7  
st 3.000000 sv 3.000000 scale 4.000000 timescale 4.000000 qKS 28
21     & PO8&  90 $\pm$  60 \\
Experiment:  K = 7  
st 3.000000 sv 3.000000 scale 4.000000 timescale 4.000000 qKS 28
21     & PO7&  90 $\pm$  55 \\
Experiment:  K = 7  
st 3.000000 sv 3.000000 scale 4.000000 timescale 4.000000 qKS 28
21     & PO8&  90 $\pm$  10 \\
Experiment:  K = 7  
st 3.000000 sv 3.000000 scale 4.000000 timescale 4.000000 qKS 28
21     & PO8&  90 $\pm$  20 \\
Experiment:  K = 7  
st 3.000000 sv 3.000000 scale 4.000000 timescale 4.000000 qKS 28
21     & PO8&  90 $\pm$  15 \\
Experiment:  K = 7  
st 3.000000 sv 3.000000 scale 4.000000 timescale 4.000000 qKS 28
21     & PO7&  90 $\pm$  20 \\
Experiment:  K = 7  
st 3.000000 sv 3.000000 scale 4.000000 timescale 4.000000 qKS 28
21     & Oz&  90 $\pm$  30 \\
Experiment:  K = 7  
st 3.000000 sv 3.000000 scale 4.000000 timescale 4.000000 qKS 28
21     & PO8&  90 $\pm$  45 \\
Experiment:  K = 7  
st 3.000000 sv 3.000000 scale 4.000000 timescale 4.000000 qKS 28
21     & PO8&  90 $\pm$  40 \\
Experiment:  K = 7  
st 3.000000 sv 3.000000 scale 4.000000 timescale 4.000000 qKS 28
21     & PO8&  90 $\pm$  50 \\
Experiment:  K = 7  
st 3.000000 sv 3.000000 scale 4.000000 timescale 4.000000 qKS 28
21     & PO8&  90 $\pm$  60 \\
Experiment:  K = 7  
st 3.000000 sv 3.000000 scale 4.000000 timescale 4.000000 qKS 28
21     & PO7&  90 $\pm$  50 \\
Experiment:  K = 3  
st 3.000000 sv 3.000000 scale 4.000000 timescale 4.000000 qKS 28
21     & Cz&  90 $\pm$  15 \\
Experiment:  K = 3  
st 3.000000 sv 3.000000 scale 4.000000 timescale 4.000000 qKS 28
21     & Fz&  90 $\pm$  15 \\
Experiment:  K = 3  
st 3.000000 sv 3.000000 scale 4.000000 timescale 4.000000 qKS 28
21     & Pz&  90 $\pm$  20 \\
Experiment:  K = 3  
st 3.000000 sv 3.000000 scale 4.000000 timescale 4.000000 qKS 28
21     & PO7&  90 $\pm$  25 \\
Experiment:  K = 3  
st 3.000000 sv 3.000000 scale 4.000000 timescale 4.000000 qKS 28
21     & Oz&  90 $\pm$  30 \\
Experiment:  K = 3  
st 3.000000 sv 3.000000 scale 4.000000 timescale 4.000000 qKS 28
21     & PO8&  90 $\pm$  40 \\
Experiment:  K = 3  
st 3.000000 sv 3.000000 scale 4.000000 timescale 4.000000 qKS 28
21     & P4&  90 $\pm$  30 \\
Experiment:  K = 3  
st 3.000000 sv 3.000000 scale 4.000000 timescale 4.000000 qKS 28
21     & PO8&  90 $\pm$  55 \\
Experiment:  K = 3  
st 3.000000 sv 3.000000 scale 4.000000 timescale 4.000000 qKS 28
21     & PO8&  90 $\pm$  60 \\
Experiment:  K = 3  
st 3.000000 sv 3.000000 scale 4.000000 timescale 4.000000 qKS 28
21     & PO7&  90 $\pm$  55 \\
Experiment:  K = 1  
st 3.000000 sv 3.000000 scale 4.000000 timescale 4.000000 qKS 28
21     & Cz&  90 $\pm$   5 \\
Experiment:  K = 1  
st 3.000000 sv 3.000000 scale 4.000000 timescale 4.000000 qKS 28
21     & PO8&  90 $\pm$  20 \\
Experiment:  K = 1  
st 3.000000 sv 3.000000 scale 4.000000 timescale 4.000000 qKS 28
21     & Oz&  90 $\pm$  15 \\
Experiment:  K = 1  
st 3.000000 sv 3.000000 scale 4.000000 timescale 4.000000 qKS 28
21     & PO8&  90 $\pm$  20 \\
Experiment:  K = 1  
st 3.000000 sv 3.000000 scale 4.000000 timescale 4.000000 qKS 28
21     & Oz&  90 $\pm$  35 \\
Experiment:  K = 1  
st 3.000000 sv 3.000000 scale 4.000000 timescale 4.000000 qKS 28
21     & PO8&  90 $\pm$  40 \\
Experiment:  K = 1  
st 3.000000 sv 3.000000 scale 4.000000 timescale 4.000000 qKS 28
21     & PO7&  90 $\pm$  30 \\
Experiment:  K = 1  
st 3.000000 sv 3.000000 scale 4.000000 timescale 4.000000 qKS 28
21     & PO8&  90 $\pm$  45 \\
Experiment:  K = 1  
st 3.000000 sv 3.000000 scale 4.000000 timescale 4.000000 qKS 28
21     & PO7&  90 $\pm$  50 \\
Experiment:  K = 1  
st 3.000000 sv 3.000000 scale 4.000000 timescale 4.000000 qKS 28
21     & PO8&  90 $\pm$  50 \\
Experiment:  K = 7  
st 3.000000 sv 3.000000 scale 4.000000 timescale 4.000000 qKS 28
21     & PO8&  90 $\pm$  10 \\
Experiment:  K = 7  
st 3.000000 sv 3.000000 scale 4.000000 timescale 4.000000 qKS 28
21     & PO8&  90 $\pm$  20 \\
Experiment:  K = 7  
st 3.000000 sv 3.000000 scale 4.000000 timescale 4.000000 qKS 28
21     & PO8&  90 $\pm$  15 \\
Experiment:  K = 7  
st 3.000000 sv 3.000000 scale 4.000000 timescale 4.000000 qKS 28
21     & PO7&  90 $\pm$  20 \\
Experiment:  K = 7  
st 3.000000 sv 3.000000 scale 4.000000 timescale 4.000000 qKS 28
21     & Oz&  90 $\pm$  30 \\
Experiment:  K = 7  
st 3.000000 sv 3.000000 scale 4.000000 timescale 4.000000 qKS 28
21     & PO8&  90 $\pm$  45 \\
Experiment:  K = 7  
st 3.000000 sv 3.000000 scale 4.000000 timescale 4.000000 qKS 28
21     & PO8&  90 $\pm$  40 \\
Experiment:  K = 7  
st 3.000000 sv 3.000000 scale 4.000000 timescale 4.000000 qKS 28
21     & PO8&  90 $\pm$  50 \\
Experiment:  K = 7  
st 3.000000 sv 3.000000 scale 4.000000 timescale 4.000000 qKS 28
21     & PO8&  90 $\pm$  60 \\
Experiment:  K = 7  
st 3.000000 sv 3.000000 scale 4.000000 timescale 4.000000 qKS 28
21     & PO7&  90 $\pm$  50 \\
Experiment:  K = 7  
st 3.000000 sv 23.334524 scale 4.000000 timescale 4.000000 qKS 29
21     & Pz&  90 $\pm$  10 \\
Experiment:  K = 7  
st 3.000000 sv 12.397939 scale 4.000000 timescale 4.000000 qKS 29
21     & PO8&  90 $\pm$  20 \\
Experiment:  K = 7  
st 3.000000 sv 7.589613 scale 4.000000 timescale 4.000000 qKS 29
21     & PO7&  90 $\pm$  20 \\
Experiment:  K = 7  
st 3.000000 sv 4.996888 scale 4.000000 timescale 4.000000 qKS 29
21     & PO8&  90 $\pm$  25 \\
Experiment:  K = 7  
st 3.000000 sv 11.125147 scale 4.000000 timescale 4.000000 qKS 29
21     & Oz&  90 $\pm$  40 \\
Experiment:  K = 7  
st 3.000000 sv 13.859293 scale 4.000000 timescale 4.000000 qKS 29
21     & PO8&  90 $\pm$  35 \\
Experiment:  K = 7  
st 3.000000 sv 11.313708 scale 4.000000 timescale 4.000000 qKS 29
21     & PO8&  90 $\pm$  45 \\
Experiment:  K = 7  
st 3.000000 sv 10.653742 scale 4.000000 timescale 4.000000 qKS 29
21     & PO8&  90 $\pm$  65 \\
Experiment:  K = 7  
st 3.000000 sv 9.852354 scale 4.000000 timescale 4.000000 qKS 29
21     & PO8&  90 $\pm$  65 \\
Experiment:  K = 7  
st 3.000000 sv 8.579562 scale 4.000000 timescale 4.000000 qKS 29
21     & PO8&  90 $\pm$  50 \\
Experiment:  K = 7  
st 3.000000 sv 3.000000 scale 4.000000 timescale 4.000000 qKS 28
21     & PO8&  90 $\pm$  10 \\
Experiment:  K = 7  
st 3.000000 sv 3.000000 scale 4.000000 timescale 4.000000 qKS 28
21     & PO8&  90 $\pm$  20 \\
Experiment:  K = 7  
st 3.000000 sv 3.000000 scale 4.000000 timescale 4.000000 qKS 28
21     & PO8&  90 $\pm$  15 \\
Experiment:  K = 7  
st 3.000000 sv 3.000000 scale 4.000000 timescale 4.000000 qKS 28
21     & PO7&  90 $\pm$  20 \\
Experiment:  K = 7  
st 3.000000 sv 3.000000 scale 4.000000 timescale 4.000000 qKS 28
21     & Oz&  90 $\pm$  30 \\
Experiment:  K = 7  
st 3.000000 sv 3.000000 scale 4.000000 timescale 4.000000 qKS 28
21     & PO8&  90 $\pm$  45 \\
Experiment:  K = 7  
st 3.000000 sv 3.000000 scale 4.000000 timescale 4.000000 qKS 28
21     & PO8&  90 $\pm$  40 \\
Experiment:  K = 7  
st 3.000000 sv 3.000000 scale 4.000000 timescale 4.000000 qKS 28
21     & PO8&  90 $\pm$  50 \\
Experiment:  K = 7  
st 3.000000 sv 3.000000 scale 4.000000 timescale 4.000000 qKS 28
21     & PO8&  90 $\pm$  60 \\
Experiment:  K = 7  
st 3.000000 sv 3.000000 scale 4.000000 timescale 4.000000 qKS 28
21     & PO7&  90 $\pm$  50 \\
Experiment:  K = 3  
st 3.000000 sv 3.000000 scale 4.000000 timescale 4.000000 qKS 28
21     & Cz&  90 $\pm$  15 \\
Experiment:  K = 3  
st 3.000000 sv 3.000000 scale 4.000000 timescale 4.000000 qKS 28
21     & Fz&  90 $\pm$  15 \\
Experiment:  K = 3  
st 3.000000 sv 3.000000 scale 4.000000 timescale 4.000000 qKS 28
21     & Pz&  90 $\pm$  20 \\
Experiment:  K = 3  
st 3.000000 sv 3.000000 scale 4.000000 timescale 4.000000 qKS 28
21     & PO7&  90 $\pm$  25 \\
Experiment:  K = 3  
st 3.000000 sv 3.000000 scale 4.000000 timescale 4.000000 qKS 28
21     & Oz&  90 $\pm$  30 \\
Experiment:  K = 7  
st 3.000000 sv 3.000000 scale 4.000000 timescale 4.000000 qKS 28
21     & PO8&  90 $\pm$  10 \\
Experiment:  K = 7  
st 3.000000 sv 3.000000 scale 4.000000 timescale 4.000000 qKS 28
21     & PO8&  90 $\pm$  20 \\
Experiment:  K = 7  
st 3.000000 sv 3.000000 scale 4.000000 timescale 4.000000 qKS 28
21     & PO8&  90 $\pm$  15 \\
Experiment:  K = 7  
st 3.000000 sv 3.000000 scale 4.000000 timescale 4.000000 qKS 28
21     & PO7&  90 $\pm$  20 \\
Experiment:  K = 7  
st 3.000000 sv 3.000000 scale 4.000000 timescale 4.000000 qKS 28
21     & Oz&  90 $\pm$  30 \\
Experiment:  K = 7  
st 3.000000 sv 3.000000 scale 4.000000 timescale 4.000000 qKS 28
21     & PO8&  90 $\pm$  45 \\
Experiment:  K = 7  
st 3.000000 sv 3.000000 scale 4.000000 timescale 4.000000 qKS 28
21     & PO8&  90 $\pm$  40 \\
Experiment:  K = 7  
st 3.000000 sv 3.000000 scale 4.000000 timescale 4.000000 qKS 28
21     & PO8&  90 $\pm$  50 \\
Experiment:  K = 7  
st 3.000000 sv 3.000000 scale 4.000000 timescale 4.000000 qKS 28
21     & PO8&  90 $\pm$  60 \\
Experiment:  K = 7  
st 3.000000 sv 3.000000 scale 4.000000 timescale 4.000000 qKS 28
21     & PO7&  90 $\pm$  50 \\
Experiment:  K = 7  
st 3.000000 sv 23.334524 scale 4.000000 timescale 4.000000 qKS 29
21     & Pz&  90 $\pm$  10 \\
Experiment:  K = 7  
st 3.000000 sv 12.397939 scale 4.000000 timescale 4.000000 qKS 29
21     & PO8&  90 $\pm$  20 \\
Experiment:  K = 7  
st 3.000000 sv 7.589613 scale 4.000000 timescale 4.000000 qKS 29
21     & PO7&  90 $\pm$  20 \\
Experiment:  K = 7  
st 3.000000 sv 4.996888 scale 4.000000 timescale 4.000000 qKS 29
21     & PO8&  90 $\pm$  25 \\
Experiment:  K = 7  
st 3.000000 sv 11.125147 scale 4.000000 timescale 4.000000 qKS 29
21     & Oz&  90 $\pm$  40 \\
Experiment:  K = 7  
st 3.000000 sv 13.859293 scale 4.000000 timescale 4.000000 qKS 29
21     & PO8&  90 $\pm$  35 \\
Experiment:  K = 7  
st 3.000000 sv 11.313708 scale 4.000000 timescale 4.000000 qKS 29
21     & PO8&  90 $\pm$  45 \\
Experiment:  K = 7  
st 3.000000 sv 10.653742 scale 4.000000 timescale 4.000000 qKS 29
21     & PO8&  90 $\pm$  65 \\
Experiment:  K = 7  
st 3.000000 sv 9.852354 scale 4.000000 timescale 4.000000 qKS 29
21     & PO8&  90 $\pm$  65 \\
Experiment:  K = 7  
st 3.000000 sv 8.579562 scale 4.000000 timescale 4.000000 qKS 29
21     & PO8&  90 $\pm$  50 \\
Experiment:  K = 7  
st 3.000000 sv 3.000000 scale 4.000000 timescale 4.000000 qKS 28
21     & PO8&  90 $\pm$  10 \\
Experiment:  K = 7  
st 3.000000 sv 3.000000 scale 4.000000 timescale 4.000000 qKS 28
21     & PO8&  90 $\pm$  20 \\
Experiment:  K = 7  
st 3.000000 sv 3.000000 scale 4.000000 timescale 4.000000 qKS 28
21     & PO8&  90 $\pm$  15 \\
Experiment:  K = 7  
st 3.000000 sv 3.000000 scale 4.000000 timescale 4.000000 qKS 28
21     & PO7&  90 $\pm$  20 \\
Experiment:  K = 7  
st 3.000000 sv 3.000000 scale 4.000000 timescale 4.000000 qKS 28
21     & Oz&  90 $\pm$  30 \\
Experiment:  K = 7  
st 3.000000 sv 3.000000 scale 4.000000 timescale 4.000000 qKS 28
21     & PO8&  90 $\pm$  45 \\
Experiment:  K = 7  
st 3.000000 sv 3.000000 scale 4.000000 timescale 4.000000 qKS 28
21     & PO8&  90 $\pm$  40 \\
Experiment:  K = 7  
st 3.000000 sv 3.000000 scale 4.000000 timescale 4.000000 qKS 28
21     & PO8&  90 $\pm$  50 \\
Experiment:  K = 7  
st 3.000000 sv 3.000000 scale 4.000000 timescale 4.000000 qKS 28
21     & PO8&  90 $\pm$  60 \\
Experiment:  K = 7  
st 3.000000 sv 3.000000 scale 4.000000 timescale 4.000000 qKS 28
21     & PO7&  90 $\pm$  50 \\
Experiment:  K = 3  
st 3.000000 sv 3.000000 scale 4.000000 timescale 4.000000 qKS 28
21     & Cz&  90 $\pm$  15 \\
Experiment:  K = 3  
st 3.000000 sv 3.000000 scale 4.000000 timescale 4.000000 qKS 28
21     & Fz&  90 $\pm$  15 \\
Experiment:  K = 3  
st 3.000000 sv 3.000000 scale 4.000000 timescale 4.000000 qKS 28
21     & Pz&  90 $\pm$  20 \\
Experiment:  K = 3  
st 3.000000 sv 3.000000 scale 4.000000 timescale 4.000000 qKS 28
21     & PO7&  90 $\pm$  25 \\
Experiment:  K = 3  
st 3.000000 sv 3.000000 scale 4.000000 timescale 4.000000 qKS 28
21     & Oz&  90 $\pm$  30 \\
Experiment:  K = 3  
st 3.000000 sv 3.000000 scale 4.000000 timescale 4.000000 qKS 28
21     & PO8&  90 $\pm$  40 \\
Experiment:  K = 3  
st 3.000000 sv 3.000000 scale 4.000000 timescale 4.000000 qKS 28
21     & P4&  90 $\pm$  30 \\
Experiment:  K = 3  
st 3.000000 sv 3.000000 scale 4.000000 timescale 4.000000 qKS 28
21     & PO8&  90 $\pm$  55 \\
Experiment:  K = 3  
st 3.000000 sv 3.000000 scale 4.000000 timescale 4.000000 qKS 28
21     & PO8&  90 $\pm$  60 \\
Experiment:  K = 3  
st 3.000000 sv 3.000000 scale 4.000000 timescale 4.000000 qKS 28
21     & PO7&  90 $\pm$  55 \\
Experiment:  K = 1  
st 3.000000 sv 3.000000 scale 4.000000 timescale 4.000000 qKS 28
21     & Cz&  90 $\pm$   5 \\
Experiment:  K = 1  
st 3.000000 sv 3.000000 scale 4.000000 timescale 4.000000 qKS 28
21     & PO8&  90 $\pm$  20 \\
Experiment:  K = 1  
st 3.000000 sv 3.000000 scale 4.000000 timescale 4.000000 qKS 28
21     & Oz&  90 $\pm$  15 \\
Experiment:  K = 1  
st 3.000000 sv 3.000000 scale 4.000000 timescale 4.000000 qKS 28
21     & PO8&  90 $\pm$  20 \\
Experiment:  K = 1  
st 3.000000 sv 3.000000 scale 4.000000 timescale 4.000000 qKS 28
21     & Oz&  90 $\pm$  35 \\
Experiment:  K = 1  
st 3.000000 sv 3.000000 scale 4.000000 timescale 4.000000 qKS 28
21     & PO8&  90 $\pm$  40 \\
Experiment:  K = 1  
st 3.000000 sv 3.000000 scale 4.000000 timescale 4.000000 qKS 28
21     & PO7&  90 $\pm$  30 \\
Experiment:  K = 1  
st 3.000000 sv 3.000000 scale 4.000000 timescale 4.000000 qKS 28
21     & PO8&  90 $\pm$  45 \\
Experiment:  K = 1  
st 3.000000 sv 3.000000 scale 4.000000 timescale 4.000000 qKS 28
21     & PO7&  90 $\pm$  50 \\
Experiment:  K = 1  
st 3.000000 sv 3.000000 scale 4.000000 timescale 4.000000 qKS 28
21     & PO8&  90 $\pm$  50 \\
Experiment:  K = 7  
st 3.000000 sv 3.000000 scale 4.000000 timescale 4.000000 qKS 28
21     & PO8&  90 $\pm$  10 \\
Experiment:  K = 7  
st 3.000000 sv 3.000000 scale 4.000000 timescale 4.000000 qKS 28
21     & PO8&  90 $\pm$  20 \\
Experiment:  K = 7  
st 3.000000 sv 3.000000 scale 4.000000 timescale 4.000000 qKS 28
21     & PO8&  90 $\pm$  15 \\
Experiment:  K = 7  
st 3.000000 sv 3.000000 scale 4.000000 timescale 4.000000 qKS 28
21     & PO7&  90 $\pm$  20 \\
Experiment:  K = 7  
st 3.000000 sv 3.000000 scale 4.000000 timescale 4.000000 qKS 28
21     & Oz&  90 $\pm$  30 \\
Experiment:  K = 7  
st 3.000000 sv 3.000000 scale 4.000000 timescale 4.000000 qKS 28
21     & PO8&  90 $\pm$  45 \\
Experiment:  K = 7  
st 3.000000 sv 3.000000 scale 4.000000 timescale 4.000000 qKS 28
21     & PO8&  90 $\pm$  40 \\
Experiment:  K = 7  
st 3.000000 sv 3.000000 scale 4.000000 timescale 4.000000 qKS 28
21     & PO8&  90 $\pm$  50 \\
Experiment:  K = 7  
st 3.000000 sv 3.000000 scale 4.000000 timescale 4.000000 qKS 28
21     & PO8&  90 $\pm$  60 \\
Experiment:  K = 7  
st 3.000000 sv 3.000000 scale 4.000000 timescale 4.000000 qKS 28
21     & PO7&  90 $\pm$  50 \\
Experiment:  K = 7  
st 3.000000 sv 23.334524 scale 4.000000 timescale 4.000000 qKS 29
21     & Pz&  90 $\pm$  10 \\
Experiment:  K = 7  
st 3.000000 sv 12.397939 scale 4.000000 timescale 4.000000 qKS 29
21     & PO8&  90 $\pm$  20 \\
Experiment:  K = 7  
st 3.000000 sv 7.589613 scale 4.000000 timescale 4.000000 qKS 29
21     & PO7&  90 $\pm$  20 \\
Experiment:  K = 7  
st 3.000000 sv 4.996888 scale 4.000000 timescale 4.000000 qKS 29
21     & PO8&  90 $\pm$  25 \\
Experiment:  K = 7  
st 3.000000 sv 11.125147 scale 4.000000 timescale 4.000000 qKS 29
21     & Oz&  90 $\pm$  40 \\
Experiment:  K = 7  
st 3.000000 sv 13.859293 scale 4.000000 timescale 4.000000 qKS 29
21     & PO8&  90 $\pm$  35 \\
Experiment:  K = 7  
st 3.000000 sv 11.313708 scale 4.000000 timescale 4.000000 qKS 29
21     & PO8&  90 $\pm$  45 \\
Experiment:  K = 7  
st 3.000000 sv 10.653742 scale 4.000000 timescale 4.000000 qKS 29
21     & PO8&  90 $\pm$  65 \\
Experiment:  K = 7  
st 3.000000 sv 9.852354 scale 4.000000 timescale 4.000000 qKS 29
21     & PO8&  90 $\pm$  65 \\
Experiment:  K = 7  
st 3.000000 sv 8.579562 scale 4.000000 timescale 4.000000 qKS 29
21     & PO8&  90 $\pm$  50 \\
Experiment:  K = 7  
st 3.000000 sv 8.579562 scale 4.000000 timescale 4.000000 qKS 29
21     & PO8&  90 $\pm$  50 \\
Experiment:  K = 7  
st 3.000000 sv 8.579562 scale 4.000000 timescale 4.000000 qKS 29
21     & PO8&  90 $\pm$  50 \\
Experiment:  K = 7  
st 3.000000 sv 8.579562 scale 4.000000 timescale 4.000000 qKS 29
21     & PO8&  90 $\pm$  50 \\
Experiment:  K = 7  
st 3.000000 sv 8.579562 scale 4.000000 timescale 4.000000 qKS 29
21     & PO8&  90 $\pm$  50 \\
Experiment:  K = 7  
st 3.000000 sv 8.579562 scale 4.000000 timescale 4.000000 qKS 29
21     & PO8&  90 $\pm$  50 \\
Experiment:  K = 7  
st 3.000000 sv 8.579562 scale 4.000000 timescale 4.000000 qKS 29
21     & PO8&  90 $\pm$  50 \\
Experiment:  K = 7  
st 3.000000 sv 8.579562 scale 4.000000 timescale 4.000000 qKS 29
21     & PO8&  90 $\pm$  50 \\
Experiment:  K = 7  
st 3.000000 sv 8.579562 scale 4.000000 timescale 4.000000 qKS 29
21     & PO8&  90 $\pm$  50 \\
Experiment:  K = 7  
st 3.000000 sv 8.579562 scale 4.000000 timescale 4.000000 qKS 29
21     & PO8&  90 $\pm$  50 \\
Experiment:  K = 7  
st 3.000000 sv 3.000000 scale 4.000000 timescale 4.000000 qKS 29
21     & Cz&  90 $\pm$  60 \\
Experiment:  K = 7  
st 3.000000 sv 3.000000 scale 4.000000 timescale 4.000000 qKS 29
21     & Fz&  90 $\pm$ 100 \\
Experiment:  K = 7  
st 3.000000 sv 3.000000 scale 4.000000 timescale 4.000000 qKS 29
21     & Fz&  90 $\pm$ 100 \\
Experiment:  K = 7  
st 3.000000 sv 3.000000 scale 4.000000 timescale 4.000000 qKS 29
21     & Fz&  90 $\pm$ 100 \\
Experiment:  K = 7  
st 3.000000 sv 3.000000 scale 4.000000 timescale 4.000000 qKS 29
21     & Fz&  90 $\pm$ 100 \\
Experiment:  K = 7  
st 3.000000 sv 3.000000 scale 4.000000 timescale 4.000000 qKS 29
21     & P3&  90 $\pm$  85 \\
Experiment:  K = 7  
st 3.000000 sv 3.000000 scale 4.000000 timescale 4.000000 qKS 29
21     & P4&  90 $\pm$  95 \\
Experiment:  K = 7  
st 3.000000 sv 3.000000 scale 4.000000 timescale 4.000000 qKS 28
21     & PO8&  90 $\pm$  80 \\
Experiment:  K = 7  
st 3.000000 sv 3.000000 scale 4.000000 timescale 4.000000 qKS 28
21     & PO8&  90 $\pm$  80 \\
Experiment:  K = 7  
st 3.000000 sv 3.000000 scale 4.000000 timescale 4.000000 qKS 29
21     & P4&  90 $\pm$  95 \\
Experiment:  K = 7  
st 3.000000 sv 3.000000 scale 4.000000 timescale 4.000000 qKS 29
21     & P3&  90 $\pm$  85 \\
Experiment:  K = 7  
st 3.000000 sv 3.000000 scale 4.000000 timescale 4.000000 qKS 29
21     & P3&  90 $\pm$  85 \\
Experiment:  K = 7  
st 3.000000 sv 3.000000 scale 4.000000 timescale 4.000000 qKS 29
24     & PO7&  90 $\pm$  95 \\
Experiment:  K = 7  
st 3.000000 sv 3.000000 scale 4.000000 timescale 4.000000 qKS 29
24     & Fz&  90 $\pm$   0 \\
Experiment:  K = 7  
st 3.000000 sv 3.000000 scale 4.000000 timescale 4.000000 qKS 29
25     & Fz&  90 $\pm$   0 \\
Experiment:  K = 7  
st 3.000000 sv 3.000000 scale 4.000000 timescale 4.000000 qKS 29
25     & Oz&  90 $\pm$  85 \\
Experiment:  K = 7  
st 3.000000 sv 3.000000 scale 4.000000 timescale 4.000000 qKS 29
25     & PO8&  90 $\pm$  40 \\
Experiment:  K = 7  
st 3.000000 sv 3.000000 scale 4.000000 timescale 4.000000 qKS 29
25     & P4&  90 $\pm$  30 \\
Experiment:  K = 7  
st 3.000000 sv 3.000000 scale 4.000000 timescale 4.000000 qKS 29
25     & P4&  90 $\pm$  30 \\
Experiment:  K = 7  
st 3.000000 sv 3.000000 scale 4.000000 timescale 4.000000 qKS 29
25     & Cz&  90 $\pm$  55 \\
Experiment:  K = 7  
st 3.000000 sv 3.000000 scale 4.000000 timescale 4.000000 qKS 29
25     & PO8&  90 $\pm$  50 \\
Experiment:  K = 7  
st 3.000000 sv 3.000000 scale 4.000000 timescale 4.000000 qKS 29
25     & PO8&  90 $\pm$  75 \\
Experiment:  K = 7  
st 3.000000 sv 3.000000 scale 4.000000 timescale 4.000000 qKS 29
25     & PO8&  90 $\pm$  70 \\
Experiment:  K = 7  
st 3.000000 sv 3.000000 scale 4.000000 timescale 4.000000 qKS 29
25     & PO8&  90 $\pm$  80 \\
Experiment:  K = 7  
st 3.000000 sv 3.000000 scale 4.000000 timescale 4.000000 qKS 29
25     & PO8&  90 $\pm$  90 \\
Experiment:  K = 7  
st 3.000000 sv 3.000000 scale 4.000000 timescale 4.000000 qKS 29
25     & PO8&  90 $\pm$  85 \\
Experiment:  K = 7  
st 3.000000 sv 3.000000 scale 4.000000 timescale 4.000000 qKS 29
25     & PO8&  90 $\pm$ 100 \\
Experiment:  K = 7  
st 3.000000 sv 3.000000 scale 4.000000 timescale 4.000000 qKS 29
25     & PO8&  90 $\pm$  95 \\
Experiment:  K = 7  
st 3.000000 sv 3.000000 scale 4.000000 timescale 4.000000 qKS 29
21     & Fz&  90 $\pm$  10 \\
24     & P3&  90 $\pm$  20 \\
25     & P4&  90 $\pm$  30 \\
Experiment:  K = 7  
st 3.000000 sv 3.000000 scale 4.000000 timescale 4.000000 qKS 29
21     & P3&  90 $\pm$  10 \\
24     & Fz&  90 $\pm$  15 \\
25     & P3&  90 $\pm$  10 \\
